

/******************************************************************************************
* WriteStepFile diagnostics.
* Date:                           Wed Sep 04 13:22:06 2024 
* Produced by:                    The EXPRESS Data Manager Version 5.02.0100.07 : 28 Aug 2013
* Module:                         EDMstepFileFactory/EDMstandAlone
* Host:                           CND0430XLT
* Database:                       C:\Users\JELLEV~1\AppData\Local\Temp\ec18f36b-60ba-42dc-8f63-7da1e9f4ef92\26090b92-3e4f-40f0-9da7-50660c1b9630\ifc
* Database version:               5507
* Database creation date:         Wed Sep 04 13:21:59 2024
* Model:                          DataRepository.ifc
* Model creation date:            Wed Sep 04 13:22:00 2024
* Header model:                   DataRepository.ifc_HeaderModel
* Header model creation date:     Wed Sep 04 13:22:00 2024
* Step file:                      Maarten.ifc
* EDMuser:                        sdai-user
* EDMgroup:                       sdai-group
* License ID and type:            5605 : Permanent license. Expiry date: 
* EDMstepFileFactory options:     020000
******************************************************************************************/


------------------------------------------------------------------------------------------------
Operation terminated successfully.
------------------------------------------------------------------------------------------------

